<?xml version="1.0" encoding="UTF-8"?>
<testng-results skipped="0" failed="0" total="3" passed="3">
  <reporter-output>
  </reporter-output>
  <suite name="Default suite" duration-ms="66" started-at="2018-05-18T02:21:17Z" finished-at="2018-05-18T02:21:17Z">
    <groups>
    </groups>
    <test name="Default test" duration-ms="66" started-at="2018-05-18T02:21:17Z" finished-at="2018-05-18T02:21:17Z">
      <class name="TestMath.MyTestMathTool">
        <test-method status="PASS" signature="testAbs1()[pri:0, instance:TestMath.MyTestMathTool@36d4b5c]" name="testAbs1" duration-ms="16" started-at="2018-05-18T10:21:17Z" finished-at="2018-05-18T10:21:17Z">
          <reporter-output>
          </reporter-output>
        </test-method> <!-- testAbs1 -->
        <test-method status="PASS" signature="testAbs2()[pri:0, instance:TestMath.MyTestMathTool@36d4b5c]" name="testAbs2" duration-ms="0" started-at="2018-05-18T10:21:17Z" finished-at="2018-05-18T10:21:17Z">
          <reporter-output>
          </reporter-output>
        </test-method> <!-- testAbs2 -->
        <test-method status="PASS" signature="testAbs3()[pri:0, instance:TestMath.MyTestMathTool@36d4b5c]" name="testAbs3" duration-ms="1" started-at="2018-05-18T10:21:17Z" finished-at="2018-05-18T10:21:17Z">
          <reporter-output>
          </reporter-output>
        </test-method> <!-- testAbs3 -->
      </class> <!-- TestMath.MyTestMathTool -->
    </test> <!-- Default test -->
  </suite> <!-- Default suite -->
</testng-results>
